<?xml version="1.0" encoding="UTF-8"?>
<testng-results ignored="0" total="1" passed="1" failed="0" skipped="0">
  <reporter-output>
  </reporter-output>
  <suite started-at="2024-01-27T11:23:01 IST" name="Suite" finished-at="2024-01-27T11:23:12 IST" duration-ms="11077">
    <groups>
    </groups>
    <test started-at="2024-01-27T11:23:01 IST" name="Test" finished-at="2024-01-27T11:23:12 IST" duration-ms="11077">
      <class name="testcase.sampleTest">
        <test-method signature="loginPage()[pri:0, instance:testcase.sampleTest@41e36e46]" started-at="2024-01-27T11:23:01 IST" name="loginPage" finished-at="2024-01-27T11:23:12 IST" duration-ms="11011" status="PASS">
          <reporter-output>
          </reporter-output>
        </test-method> <!-- loginPage -->
      </class> <!-- testcase.sampleTest -->
    </test> <!-- Test -->
  </suite> <!-- Suite -->
</testng-results>
